{
  "RSpec": {
    "coverage": {
      "/Users/danielstephenson/Documents/Projects/seedrs-test-run/seedrs-api/spec/controllers/campaigns_controller_spec.rb": [
        null,
        null,
        1,
        null,
        null,
        null,
        null,
        null,
        null,
        null,
        null,
        null,
        null,
        null,
        null,
        null,
        null,
        null,
        null,
        null,
        null,
        null,
        null,
        null,
        null,
        null,
        null,
        1,
        null,
        null,
        null,
        1,
        7,
        null,
        null,
        null,
        null,
        null,
        8,
        null,
        1,
        1,
        1,
        1,
        1,
        null,
        null,
        null,
        1,
        1,
        1,
        1,
        1,
        null,
        null,
        null,
        1,
        1,
        1,
        1,
        1,
        null,
        null,
        null,
        1,
        1,
        1,
        1,
        1,
        null,
        null,
        null,
        null,
        1,
        1,
        1,
        1,
        null,
        null,
        1,
        1,
        1,
        1,
        1,
        null,
        null,
        1,
        1,
        null,
        1,
        1,
        1,
        null,
        null,
        null,
        null,
        null,
        null,
        1,
        1,
        1,
        1,
        1,
        null,
        null,
        null,
        null
      ],
      "/Users/danielstephenson/Documents/Projects/seedrs-test-run/seedrs-api/spec/rails_helper.rb": [
        null,
        null,
        null,
        1,
        1,
        1,
        null,
        1,
        1,
        null,
        null,
        null,
        null,
        null,
        null,
        null,
        null,
        null,
        null,
        null,
        null,
        null,
        null,
        null,
        null,
        null,
        null,
        null,
        1,
        1,
        null,
        0,
        0,
        null,
        1,
        null,
        1,
        null,
        null,
        null,
        null,
        1,
        null,
        null,
        null,
        null,
        null,
        null,
        null,
        null,
        null,
        null,
        null,
        null,
        null,
        null,
        1,
        null,
        null,
        1,
        null,
        null,
        null
      ],
      "/Users/danielstephenson/Documents/Projects/seedrs-test-run/seedrs-api/config/environment.rb": [
        null,
        null,
        null,
        1,
        null,
        null,
        1
      ],
      "/Users/danielstephenson/Documents/Projects/seedrs-test-run/seedrs-api/config/application.rb": [
        null,
        null,
        1,
        null,
        1,
        null,
        1,
        1,
        1,
        1,
        1,
        1,
        1,
        1,
        null,
        null,
        null,
        null,
        null,
        1,
        null,
        1,
        1,
        null,
        1,
        null,
        null,
        null,
        null,
        null,
        null,
        null,
        null,
        null,
        1,
        null,
        null
      ],
      "/Users/danielstephenson/Documents/Projects/seedrs-test-run/seedrs-api/config/boot.rb": [
        null,
        null,
        1,
        null,
        1,
        1
      ],
      "/Users/danielstephenson/Documents/Projects/seedrs-test-run/seedrs-api/config/environments/test.rb": [
        null,
        null,
        1,
        null,
        null,
        null,
        null,
        null,
        null,
        1,
        null,
        null,
        null,
        null,
        1,
        null,
        null,
        1,
        1,
        null,
        null,
        null,
        null,
        1,
        1,
        null,
        null,
        1,
        null,
        null,
        1,
        null,
        null,
        1,
        null,
        1,
        null,
        null,
        null,
        null,
        1,
        null,
        null,
        1,
        null,
        null,
        null,
        null
      ],
      "/Users/danielstephenson/Documents/Projects/seedrs-test-run/seedrs-api/config/initializers/application_controller_renderer.rb": [
        null,
        null,
        null,
        null,
        null,
        null,
        null,
        null,
        null,
        null
      ],
      "/Users/danielstephenson/Documents/Projects/seedrs-test-run/seedrs-api/config/initializers/backtrace_silencers.rb": [
        null,
        null,
        null,
        null,
        null,
        null,
        null,
        null,
        null
      ],
      "/Users/danielstephenson/Documents/Projects/seedrs-test-run/seedrs-api/config/initializers/cors.rb": [
        null,
        null,
        null,
        null,
        null,
        null,
        null,
        null,
        null,
        null,
        null,
        null,
        null,
        null,
        null,
        null,
        null,
        null
      ],
      "/Users/danielstephenson/Documents/Projects/seedrs-test-run/seedrs-api/config/initializers/filter_parameter_logging.rb": [
        null,
        null,
        null,
        null,
        null,
        1
      ],
      "/Users/danielstephenson/Documents/Projects/seedrs-test-run/seedrs-api/config/initializers/inflections.rb": [
        null,
        null,
        null,
        null,
        null,
        null,
        null,
        null,
        null,
        null,
        null,
        null,
        null,
        null,
        null,
        null,
        null,
        null
      ],
      "/Users/danielstephenson/Documents/Projects/seedrs-test-run/seedrs-api/config/initializers/mime_types.rb": [
        null,
        null,
        null,
        null,
        null,
        null
      ],
      "/Users/danielstephenson/Documents/Projects/seedrs-test-run/seedrs-api/config/initializers/wrap_parameters.rb": [
        null,
        null,
        null,
        null,
        null,
        null,
        null,
        null,
        1,
        2,
        null,
        null,
        null,
        null,
        null,
        null
      ],
      "/Users/danielstephenson/Documents/Projects/seedrs-test-run/seedrs-api/config/routes.rb": [
        null,
        null,
        1,
        1,
        1,
        1,
        1,
        null,
        null,
        null,
        null
      ],
      "/Users/danielstephenson/Documents/Projects/seedrs-test-run/seedrs-api/app/controllers/api/v1/campaigns_controller.rb": [
        null,
        null,
        1,
        1,
        null,
        null,
        1,
        3,
        null,
        3,
        null,
        null,
        null,
        1,
        1,
        null,
        null,
        null,
        1,
        2,
        null,
        2,
        2,
        null,
        0,
        null,
        null,
        null,
        null,
        1,
        2,
        2,
        null,
        0,
        null,
        null,
        null,
        null,
        1,
        1,
        null,
        null,
        1,
        null,
        null,
        1,
        4,
        null,
        null,
        null,
        1,
        4,
        null,
        null
      ],
      "/Users/danielstephenson/Documents/Projects/seedrs-test-run/seedrs-api/app/controllers/application_controller.rb": [
        null,
        null,
        1,
        null
      ],
      "/Users/danielstephenson/Documents/Projects/seedrs-test-run/seedrs-api/spec/features/campaigns_list_spec.rb": [
        null,
        null,
        1,
        null,
        1,
        1,
        1,
        1,
        null,
        null
      ],
      "/Users/danielstephenson/Documents/Projects/seedrs-test-run/seedrs-api/spec/models/campaigns_spec.rb": [
        null,
        null,
        1,
        null,
        1,
        1,
        1,
        null,
        null,
        null,
        null,
        null,
        null,
        null,
        null,
        1,
        1,
        null,
        null
      ],
      "/Users/danielstephenson/Documents/Projects/seedrs-test-run/seedrs-api/app/models/campaign.rb": [
        null,
        null,
        1,
        null
      ],
      "/Users/danielstephenson/Documents/Projects/seedrs-test-run/seedrs-api/app/models/application_record.rb": [
        null,
        null,
        1,
        1,
        null
      ],
      "/Users/danielstephenson/Documents/Projects/seedrs-test-run/seedrs-api/spec/requests/campaigns_spec.rb": [
        null,
        null,
        1,
        null,
        1,
        1,
        1,
        1,
        1,
        null,
        null,
        null
      ],
      "/Users/danielstephenson/Documents/Projects/seedrs-test-run/seedrs-api/spec/routing/campaigns_routing_spec.rb": [
        null,
        null,
        1,
        null,
        1,
        1,
        1,
        1,
        null,
        null,
        1,
        1,
        null,
        null,
        1,
        1,
        null,
        null,
        1,
        1,
        null,
        null,
        1,
        1,
        null,
        null,
        1,
        1,
        null,
        null,
        null
      ]
    },
    "timestamp": 1547038663
  }
}
